2023-11-05T04:58:08.246-05:00  INFO 10510 --- [restartedMain] org.taskifyapp.TaskifyAppApplication     : Starting TaskifyAppApplication using Java 17.0.9 with PID 10510 (/home/talibnabi/Documents/taskify-app/taskify/target/classes started by talibnabi in /home/talibnabi/Documents/taskify-app/taskify)
2023-11-05T04:58:08.274-05:00  INFO 10510 --- [restartedMain] org.taskifyapp.TaskifyAppApplication     : No active profile set, falling back to 1 default profile: "default"
2023-11-05T04:58:08.664-05:00  INFO 10510 --- [restartedMain] .e.DevToolsPropertyDefaultsPostProcessor : Devtools property defaults active! Set 'spring.devtools.add-properties' to 'false' to disable
2023-11-05T04:58:08.666-05:00  INFO 10510 --- [restartedMain] .e.DevToolsPropertyDefaultsPostProcessor : For additional web related logging consider setting the 'logging.level.web' property to 'DEBUG'
2023-11-05T04:58:14.551-05:00  INFO 10510 --- [restartedMain] .s.d.r.c.RepositoryConfigurationDelegate : Bootstrapping Spring Data JPA repositories in DEFAULT mode.
2023-11-05T04:58:14.860-05:00  INFO 10510 --- [restartedMain] .s.d.r.c.RepositoryConfigurationDelegate : Finished Spring Data repository scanning in 276 ms. Found 3 JPA repository interfaces.
2023-11-05T04:58:18.277-05:00  INFO 10510 --- [restartedMain] o.s.b.w.embedded.tomcat.TomcatWebServer  : Tomcat initialized with port(s): 8080 (http)
2023-11-05T04:58:18.319-05:00  INFO 10510 --- [restartedMain] o.apache.catalina.core.StandardService   : Starting service [Tomcat]
2023-11-05T04:58:18.320-05:00  INFO 10510 --- [restartedMain] o.apache.catalina.core.StandardEngine    : Starting Servlet engine: [Apache Tomcat/10.1.5]
2023-11-05T04:58:18.593-05:00  INFO 10510 --- [restartedMain] o.a.c.c.C.[Tomcat].[localhost].[/]       : Initializing Spring embedded WebApplicationContext
2023-11-05T04:58:18.595-05:00  INFO 10510 --- [restartedMain] w.s.c.ServletWebServerApplicationContext : Root WebApplicationContext: initialization completed in 9926 ms
2023-11-05T04:58:19.225-05:00  INFO 10510 --- [restartedMain] o.hibernate.jpa.internal.util.LogHelper  : HHH000204: Processing PersistenceUnitInfo [name: default]
2023-11-05T04:58:19.543-05:00  INFO 10510 --- [restartedMain] org.hibernate.Version                    : HHH000412: Hibernate ORM core version 6.1.7.Final
2023-11-05T04:58:20.869-05:00  INFO 10510 --- [restartedMain] com.zaxxer.hikari.HikariDataSource       : HikariPool-1 - Starting...
2023-11-05T04:58:25.065-05:00  INFO 10510 --- [restartedMain] com.zaxxer.hikari.pool.HikariPool        : HikariPool-1 - Added connection com.mysql.cj.jdbc.ConnectionImpl@5cf08f9d
2023-11-05T04:58:25.074-05:00  INFO 10510 --- [restartedMain] com.zaxxer.hikari.HikariDataSource       : HikariPool-1 - Start completed.
2023-11-05T04:58:25.824-05:00  INFO 10510 --- [restartedMain] SQL dialect                              : HHH000400: Using dialect: org.hibernate.dialect.MySQLDialect
2023-11-05T04:58:33.461-05:00  INFO 10510 --- [restartedMain] o.h.e.t.j.p.i.JtaPlatformInitiator       : HHH000490: Using JtaPlatform implementation: [org.hibernate.engine.transaction.jta.platform.internal.NoJtaPlatform]
2023-11-05T04:58:33.528-05:00  INFO 10510 --- [restartedMain] j.LocalContainerEntityManagerFactoryBean : Initialized JPA EntityManagerFactory for persistence unit 'default'
2023-11-05T04:58:37.869-05:00  WARN 10510 --- [restartedMain] JpaBaseConfiguration$JpaWebConfiguration : spring.jpa.open-in-view is enabled by default. Therefore, database queries may be performed during view rendering. Explicitly configure spring.jpa.open-in-view to disable this warning
2023-11-05T04:58:41.728-05:00  INFO 10510 --- [restartedMain] o.s.s.web.DefaultSecurityFilterChain     : Will secure any request with [org.springframework.security.web.session.DisableEncodeUrlFilter@15bf1e15, org.springframework.security.web.context.request.async.WebAsyncManagerIntegrationFilter@4c6457a4, org.springframework.security.web.context.SecurityContextHolderFilter@57b1e986, org.springframework.security.web.header.HeaderWriterFilter@39cf79ff, org.springframework.web.filter.CorsFilter@17ed73c5, org.springframework.security.web.authentication.logout.LogoutFilter@69c61a64, org.taskifyapp.security.filter.JwtAuthFilter@307c9e0f, org.springframework.security.web.savedrequest.RequestCacheAwareFilter@3772a7c5, org.springframework.security.web.servletapi.SecurityContextHolderAwareRequestFilter@17e9a0ce, org.springframework.security.web.authentication.AnonymousAuthenticationFilter@5f587b2, org.springframework.security.web.session.SessionManagementFilter@73920af8, org.springframework.security.web.access.ExceptionTranslationFilter@14a82379, org.springframework.security.web.access.intercept.AuthorizationFilter@1c08a15f]
2023-11-05T04:58:43.032-05:00  INFO 10510 --- [restartedMain] o.s.b.d.a.OptionalLiveReloadServer       : LiveReload server is running on port 35729
2023-11-05T04:58:43.272-05:00  INFO 10510 --- [restartedMain] o.s.b.w.embedded.tomcat.TomcatWebServer  : Tomcat started on port(s): 8080 (http) with context path ''
2023-11-05T04:58:43.331-05:00  INFO 10510 --- [restartedMain] org.taskifyapp.TaskifyAppApplication     : Started TaskifyAppApplication in 38.619 seconds (process running for 43.638)
2023-11-05T04:58:46.192-05:00  INFO 10510 --- [SpringApplicationShutdownHook] j.LocalContainerEntityManagerFactoryBean : Closing JPA EntityManagerFactory for persistence unit 'default'
2023-11-05T04:58:46.229-05:00  INFO 10510 --- [SpringApplicationShutdownHook] com.zaxxer.hikari.HikariDataSource       : HikariPool-1 - Shutdown initiated...
2023-11-05T04:58:48.308-05:00  INFO 10510 --- [SpringApplicationShutdownHook] com.zaxxer.hikari.HikariDataSource       : HikariPool-1 - Shutdown completed.
2023-11-05T05:45:24.836-05:00  INFO 3455 --- [restartedMain] org.taskifyapp.TaskifyAppApplication     : Starting TaskifyAppApplication using Java 17.0.9 with PID 3455 (/home/talibnabi/Documents/taskify-app/taskify/target/classes started by talibnabi in /home/talibnabi/Documents/taskify-app/taskify)
2023-11-05T05:45:24.873-05:00  INFO 3455 --- [restartedMain] org.taskifyapp.TaskifyAppApplication     : No active profile set, falling back to 1 default profile: "default"
2023-11-05T05:45:25.151-05:00  INFO 3455 --- [restartedMain] .e.DevToolsPropertyDefaultsPostProcessor : Devtools property defaults active! Set 'spring.devtools.add-properties' to 'false' to disable
2023-11-05T05:45:25.155-05:00  INFO 3455 --- [restartedMain] .e.DevToolsPropertyDefaultsPostProcessor : For additional web related logging consider setting the 'logging.level.web' property to 'DEBUG'
2023-11-05T05:45:29.267-05:00  INFO 3455 --- [restartedMain] .s.d.r.c.RepositoryConfigurationDelegate : Bootstrapping Spring Data JPA repositories in DEFAULT mode.
2023-11-05T05:45:29.380-05:00  INFO 3455 --- [restartedMain] .s.d.r.c.RepositoryConfigurationDelegate : Finished Spring Data repository scanning in 73 ms. Found 0 JPA repository interfaces.
2023-11-05T05:45:30.330-05:00 ERROR 3455 --- [restartedMain] o.s.boot.SpringApplication               : Application run failed

java.lang.IllegalStateException: Unable to load cache item
	at org.springframework.cglib.core.internal.LoadingCache.createEntry(LoadingCache.java:75) ~[spring-core-6.0.6.jar:6.0.6]
	at org.springframework.cglib.core.internal.LoadingCache.get(LoadingCache.java:34) ~[spring-core-6.0.6.jar:6.0.6]
	at org.springframework.cglib.core.AbstractClassGenerator$ClassLoaderData.get(AbstractClassGenerator.java:126) ~[spring-core-6.0.6.jar:6.0.6]
	at org.springframework.cglib.core.AbstractClassGenerator.create(AbstractClassGenerator.java:313) ~[spring-core-6.0.6.jar:6.0.6]
	at org.springframework.cglib.proxy.Enhancer.createHelper(Enhancer.java:562) ~[spring-core-6.0.6.jar:6.0.6]
	at org.springframework.cglib.proxy.Enhancer.createClass(Enhancer.java:407) ~[spring-core-6.0.6.jar:6.0.6]
	at org.springframework.context.annotation.ConfigurationClassEnhancer.createClass(ConfigurationClassEnhancer.java:138) ~[spring-context-6.0.6.jar:6.0.6]
	at org.springframework.context.annotation.ConfigurationClassEnhancer.enhance(ConfigurationClassEnhancer.java:109) ~[spring-context-6.0.6.jar:6.0.6]
	at org.springframework.context.annotation.ConfigurationClassPostProcessor.enhanceConfigurationClasses(ConfigurationClassPostProcessor.java:514) ~[spring-context-6.0.6.jar:6.0.6]
	at org.springframework.context.annotation.ConfigurationClassPostProcessor.postProcessBeanFactory(ConfigurationClassPostProcessor.java:304) ~[spring-context-6.0.6.jar:6.0.6]
	at org.springframework.context.support.PostProcessorRegistrationDelegate.invokeBeanFactoryPostProcessors(PostProcessorRegistrationDelegate.java:358) ~[spring-context-6.0.6.jar:6.0.6]
	at org.springframework.context.support.PostProcessorRegistrationDelegate.invokeBeanFactoryPostProcessors(PostProcessorRegistrationDelegate.java:150) ~[spring-context-6.0.6.jar:6.0.6]
	at org.springframework.context.support.AbstractApplicationContext.invokeBeanFactoryPostProcessors(AbstractApplicationContext.java:747) ~[spring-context-6.0.6.jar:6.0.6]
	at org.springframework.context.support.AbstractApplicationContext.refresh(AbstractApplicationContext.java:565) ~[spring-context-6.0.6.jar:6.0.6]
	at org.springframework.boot.web.servlet.context.ServletWebServerApplicationContext.refresh(ServletWebServerApplicationContext.java:146) ~[spring-boot-3.0.4.jar:3.0.4]
	at org.springframework.boot.SpringApplication.refresh(SpringApplication.java:732) ~[spring-boot-3.0.4.jar:3.0.4]
	at org.springframework.boot.SpringApplication.refreshContext(SpringApplication.java:434) ~[spring-boot-3.0.4.jar:3.0.4]
	at org.springframework.boot.SpringApplication.run(SpringApplication.java:310) ~[spring-boot-3.0.4.jar:3.0.4]
	at org.springframework.boot.SpringApplication.run(SpringApplication.java:1304) ~[spring-boot-3.0.4.jar:3.0.4]
	at org.springframework.boot.SpringApplication.run(SpringApplication.java:1293) ~[spring-boot-3.0.4.jar:3.0.4]
	at org.taskifyapp.TaskifyAppApplication.main(TaskifyAppApplication.java:10) ~[classes/:na]
	at java.base/jdk.internal.reflect.NativeMethodAccessorImpl.invoke0(Native Method) ~[na:na]
	at java.base/jdk.internal.reflect.NativeMethodAccessorImpl.invoke(NativeMethodAccessorImpl.java:77) ~[na:na]
	at java.base/jdk.internal.reflect.DelegatingMethodAccessorImpl.invoke(DelegatingMethodAccessorImpl.java:43) ~[na:na]
	at java.base/java.lang.reflect.Method.invoke(Method.java:568) ~[na:na]
	at org.springframework.boot.devtools.restart.RestartLauncher.run(RestartLauncher.java:49) ~[spring-boot-devtools-3.0.4.jar:3.0.4]
Caused by: java.lang.NoClassDefFoundError: org/taskifyapp/repository/UserRepository
	at java.base/java.lang.Class.getDeclaredConstructors0(Native Method) ~[na:na]
	at java.base/java.lang.Class.privateGetDeclaredConstructors(Class.java:3373) ~[na:na]
	at java.base/java.lang.Class.getDeclaredConstructors(Class.java:2555) ~[na:na]
	at org.springframework.cglib.proxy.Enhancer.generateClass(Enhancer.java:655) ~[spring-core-6.0.6.jar:6.0.6]
	at org.springframework.cglib.transform.TransformingClassGenerator.generateClass(TransformingClassGenerator.java:35) ~[spring-core-6.0.6.jar:6.0.6]
	at org.springframework.cglib.core.DefaultGeneratorStrategy.generate(DefaultGeneratorStrategy.java:26) ~[spring-core-6.0.6.jar:6.0.6]
	at org.springframework.cglib.core.ClassLoaderAwareGeneratorStrategy.generate(ClassLoaderAwareGeneratorStrategy.java:57) ~[spring-core-6.0.6.jar:6.0.6]
	at org.springframework.cglib.core.AbstractClassGenerator.generate(AbstractClassGenerator.java:362) ~[spring-core-6.0.6.jar:6.0.6]
	at org.springframework.cglib.proxy.Enhancer.generate(Enhancer.java:575) ~[spring-core-6.0.6.jar:6.0.6]
	at org.springframework.cglib.core.AbstractClassGenerator$ClassLoaderData.lambda$new$1(AbstractClassGenerator.java:103) ~[spring-core-6.0.6.jar:6.0.6]
	at org.springframework.cglib.core.internal.LoadingCache.lambda$createEntry$1(LoadingCache.java:52) ~[spring-core-6.0.6.jar:6.0.6]
	at java.base/java.util.concurrent.FutureTask.run(FutureTask.java:264) ~[na:na]
	at org.springframework.cglib.core.internal.LoadingCache.createEntry(LoadingCache.java:57) ~[spring-core-6.0.6.jar:6.0.6]
	... 25 common frames omitted
Caused by: java.lang.ClassNotFoundException: org.taskifyapp.repository.UserRepository
	at java.base/jdk.internal.loader.BuiltinClassLoader.loadClass(BuiltinClassLoader.java:641) ~[na:na]
	at java.base/jdk.internal.loader.ClassLoaders$AppClassLoader.loadClass(ClassLoaders.java:188) ~[na:na]
	at java.base/java.lang.ClassLoader.loadClass(ClassLoader.java:525) ~[na:na]
	at java.base/java.lang.Class.forName0(Native Method) ~[na:na]
	at java.base/java.lang.Class.forName(Class.java:467) ~[na:na]
	at org.springframework.boot.devtools.restart.classloader.RestartClassLoader.loadClass(RestartClassLoader.java:121) ~[spring-boot-devtools-3.0.4.jar:3.0.4]
	at java.base/java.lang.ClassLoader.loadClass(ClassLoader.java:525) ~[na:na]
	... 38 common frames omitted

2023-11-05T05:50:16.114-05:00  INFO 4495 --- [restartedMain] org.taskifyapp.TaskifyAppApplication     : Starting TaskifyAppApplication using Java 17.0.9 with PID 4495 (/home/talibnabi/Documents/taskify-app/taskify/target/classes started by talibnabi in /home/talibnabi/Documents/taskify-app/taskify)
2023-11-05T05:50:16.144-05:00  INFO 4495 --- [restartedMain] org.taskifyapp.TaskifyAppApplication     : No active profile set, falling back to 1 default profile: "default"
2023-11-05T05:50:16.735-05:00  INFO 4495 --- [restartedMain] .e.DevToolsPropertyDefaultsPostProcessor : Devtools property defaults active! Set 'spring.devtools.add-properties' to 'false' to disable
2023-11-05T05:50:16.743-05:00  INFO 4495 --- [restartedMain] .e.DevToolsPropertyDefaultsPostProcessor : For additional web related logging consider setting the 'logging.level.web' property to 'DEBUG'
2023-11-05T05:50:23.116-05:00  INFO 4495 --- [restartedMain] .s.d.r.c.RepositoryConfigurationDelegate : Bootstrapping Spring Data JPA repositories in DEFAULT mode.
2023-11-05T05:50:23.331-05:00  INFO 4495 --- [restartedMain] .s.d.r.c.RepositoryConfigurationDelegate : Finished Spring Data repository scanning in 185 ms. Found 3 JPA repository interfaces.
2023-11-05T05:50:25.839-05:00  INFO 4495 --- [restartedMain] o.s.b.w.embedded.tomcat.TomcatWebServer  : Tomcat initialized with port(s): 8080 (http)
2023-11-05T05:50:25.863-05:00  INFO 4495 --- [restartedMain] o.apache.catalina.core.StandardService   : Starting service [Tomcat]
2023-11-05T05:50:25.864-05:00  INFO 4495 --- [restartedMain] o.apache.catalina.core.StandardEngine    : Starting Servlet engine: [Apache Tomcat/10.1.5]
2023-11-05T05:50:26.032-05:00  INFO 4495 --- [restartedMain] o.a.c.c.C.[Tomcat].[localhost].[/]       : Initializing Spring embedded WebApplicationContext
2023-11-05T05:50:26.034-05:00  INFO 4495 --- [restartedMain] w.s.c.ServletWebServerApplicationContext : Root WebApplicationContext: initialization completed in 9288 ms
2023-11-05T05:50:26.535-05:00  INFO 4495 --- [restartedMain] o.hibernate.jpa.internal.util.LogHelper  : HHH000204: Processing PersistenceUnitInfo [name: default]
2023-11-05T05:50:26.662-05:00  INFO 4495 --- [restartedMain] org.hibernate.Version                    : HHH000412: Hibernate ORM core version 6.1.7.Final
2023-11-05T05:50:27.686-05:00  INFO 4495 --- [restartedMain] com.zaxxer.hikari.HikariDataSource       : HikariPool-1 - Starting...
2023-11-05T05:50:31.282-05:00  INFO 4495 --- [restartedMain] com.zaxxer.hikari.pool.HikariPool        : HikariPool-1 - Added connection com.mysql.cj.jdbc.ConnectionImpl@60e25a34
2023-11-05T05:50:31.315-05:00  INFO 4495 --- [restartedMain] com.zaxxer.hikari.HikariDataSource       : HikariPool-1 - Start completed.
2023-11-05T05:50:31.925-05:00  INFO 4495 --- [restartedMain] SQL dialect                              : HHH000400: Using dialect: org.hibernate.dialect.MySQLDialect
2023-11-05T05:50:37.773-05:00  INFO 4495 --- [restartedMain] o.h.e.t.j.p.i.JtaPlatformInitiator       : HHH000490: Using JtaPlatform implementation: [org.hibernate.engine.transaction.jta.platform.internal.NoJtaPlatform]
2023-11-05T05:50:37.801-05:00  INFO 4495 --- [restartedMain] j.LocalContainerEntityManagerFactoryBean : Initialized JPA EntityManagerFactory for persistence unit 'default'
2023-11-05T05:50:40.861-05:00  WARN 4495 --- [restartedMain] JpaBaseConfiguration$JpaWebConfiguration : spring.jpa.open-in-view is enabled by default. Therefore, database queries may be performed during view rendering. Explicitly configure spring.jpa.open-in-view to disable this warning
2023-11-05T05:50:43.381-05:00  INFO 4495 --- [restartedMain] o.s.s.web.DefaultSecurityFilterChain     : Will secure any request with [org.springframework.security.web.session.DisableEncodeUrlFilter@38f6a2d1, org.springframework.security.web.context.request.async.WebAsyncManagerIntegrationFilter@6782f79d, org.springframework.security.web.context.SecurityContextHolderFilter@6824bd9a, org.springframework.security.web.header.HeaderWriterFilter@4bd9228d, org.springframework.web.filter.CorsFilter@66738468, org.springframework.security.web.authentication.logout.LogoutFilter@30399f63, org.taskifyapp.security.filter.JwtAuthFilter@3b386382, org.springframework.security.web.savedrequest.RequestCacheAwareFilter@5baee9ae, org.springframework.security.web.servletapi.SecurityContextHolderAwareRequestFilter@e6a6f4d, org.springframework.security.web.authentication.AnonymousAuthenticationFilter@28a4208e, org.springframework.security.web.session.SessionManagementFilter@a8d93bf, org.springframework.security.web.access.ExceptionTranslationFilter@62a313d8, org.springframework.security.web.access.intercept.AuthorizationFilter@6aa6a1ab]
2023-11-05T05:50:44.336-05:00  INFO 4495 --- [restartedMain] o.s.b.d.a.OptionalLiveReloadServer       : LiveReload server is running on port 35729
2023-11-05T05:50:44.510-05:00  INFO 4495 --- [restartedMain] o.s.b.w.embedded.tomcat.TomcatWebServer  : Tomcat started on port(s): 8080 (http) with context path ''
2023-11-05T05:50:44.557-05:00  INFO 4495 --- [restartedMain] org.taskifyapp.TaskifyAppApplication     : Started TaskifyAppApplication in 32.21 seconds (process running for 37.805)
2023-11-05T05:50:47.947-05:00  INFO 4495 --- [SpringApplicationShutdownHook] j.LocalContainerEntityManagerFactoryBean : Closing JPA EntityManagerFactory for persistence unit 'default'
2023-11-05T05:50:47.966-05:00  INFO 4495 --- [SpringApplicationShutdownHook] com.zaxxer.hikari.HikariDataSource       : HikariPool-1 - Shutdown initiated...
2023-11-05T05:50:49.710-05:00  INFO 4495 --- [SpringApplicationShutdownHook] com.zaxxer.hikari.HikariDataSource       : HikariPool-1 - Shutdown completed.
2023-11-05T06:22:35.572-05:00  INFO 3876 --- [restartedMain] org.taskifyapp.TaskifyAppApplication     : Starting TaskifyAppApplication using Java 17.0.9 with PID 3876 (/home/talibnabi/Documents/taskify-app/taskify/target/classes started by talibnabi in /home/talibnabi/Documents/taskify-app/taskify)
2023-11-05T06:22:35.579-05:00  INFO 3876 --- [restartedMain] org.taskifyapp.TaskifyAppApplication     : No active profile set, falling back to 1 default profile: "default"
2023-11-05T06:22:35.833-05:00  INFO 3876 --- [restartedMain] .e.DevToolsPropertyDefaultsPostProcessor : Devtools property defaults active! Set 'spring.devtools.add-properties' to 'false' to disable
2023-11-05T06:22:35.835-05:00  INFO 3876 --- [restartedMain] .e.DevToolsPropertyDefaultsPostProcessor : For additional web related logging consider setting the 'logging.level.web' property to 'DEBUG'
2023-11-05T06:22:39.699-05:00  INFO 3876 --- [restartedMain] .s.d.r.c.RepositoryConfigurationDelegate : Bootstrapping Spring Data JPA repositories in DEFAULT mode.
2023-11-05T06:22:40.008-05:00  INFO 3876 --- [restartedMain] .s.d.r.c.RepositoryConfigurationDelegate : Finished Spring Data repository scanning in 284 ms. Found 3 JPA repository interfaces.
2023-11-05T06:22:42.818-05:00  INFO 3876 --- [restartedMain] o.s.b.w.embedded.tomcat.TomcatWebServer  : Tomcat initialized with port(s): 8080 (http)
2023-11-05T06:22:42.845-05:00  INFO 3876 --- [restartedMain] o.apache.catalina.core.StandardService   : Starting service [Tomcat]
2023-11-05T06:22:42.847-05:00  INFO 3876 --- [restartedMain] o.apache.catalina.core.StandardEngine    : Starting Servlet engine: [Apache Tomcat/10.1.5]
2023-11-05T06:22:43.121-05:00  INFO 3876 --- [restartedMain] o.a.c.c.C.[Tomcat].[localhost].[/]       : Initializing Spring embedded WebApplicationContext
2023-11-05T06:22:43.124-05:00  INFO 3876 --- [restartedMain] w.s.c.ServletWebServerApplicationContext : Root WebApplicationContext: initialization completed in 7286 ms
2023-11-05T06:22:43.726-05:00  INFO 3876 --- [restartedMain] o.hibernate.jpa.internal.util.LogHelper  : HHH000204: Processing PersistenceUnitInfo [name: default]
2023-11-05T06:22:43.886-05:00  INFO 3876 --- [restartedMain] org.hibernate.Version                    : HHH000412: Hibernate ORM core version 6.1.7.Final
2023-11-05T06:22:45.141-05:00  INFO 3876 --- [restartedMain] com.zaxxer.hikari.HikariDataSource       : HikariPool-1 - Starting...
2023-11-05T06:22:48.761-05:00  INFO 3876 --- [restartedMain] com.zaxxer.hikari.pool.HikariPool        : HikariPool-1 - Added connection com.mysql.cj.jdbc.ConnectionImpl@33311073
2023-11-05T06:22:48.770-05:00  INFO 3876 --- [restartedMain] com.zaxxer.hikari.HikariDataSource       : HikariPool-1 - Start completed.
2023-11-05T06:22:49.494-05:00  INFO 3876 --- [restartedMain] SQL dialect                              : HHH000400: Using dialect: org.hibernate.dialect.MySQLDialect
2023-11-05T06:22:55.509-05:00  INFO 3876 --- [restartedMain] o.h.e.t.j.p.i.JtaPlatformInitiator       : HHH000490: Using JtaPlatform implementation: [org.hibernate.engine.transaction.jta.platform.internal.NoJtaPlatform]
2023-11-05T06:22:55.548-05:00  INFO 3876 --- [restartedMain] j.LocalContainerEntityManagerFactoryBean : Initialized JPA EntityManagerFactory for persistence unit 'default'
2023-11-05T06:22:58.552-05:00  WARN 3876 --- [restartedMain] JpaBaseConfiguration$JpaWebConfiguration : spring.jpa.open-in-view is enabled by default. Therefore, database queries may be performed during view rendering. Explicitly configure spring.jpa.open-in-view to disable this warning
2023-11-05T06:23:01.200-05:00  INFO 3876 --- [restartedMain] o.s.s.web.DefaultSecurityFilterChain     : Will secure any request with [org.springframework.security.web.session.DisableEncodeUrlFilter@618a859f, org.springframework.security.web.context.request.async.WebAsyncManagerIntegrationFilter@108d4936, org.springframework.security.web.context.SecurityContextHolderFilter@574a8867, org.springframework.security.web.header.HeaderWriterFilter@3455d8aa, org.springframework.web.filter.CorsFilter@6eaf13fa, org.springframework.security.web.authentication.logout.LogoutFilter@302a2ead, org.taskifyapp.security.filter.JwtAuthFilter@2c4018d9, org.springframework.security.web.savedrequest.RequestCacheAwareFilter@5789514a, org.springframework.security.web.servletapi.SecurityContextHolderAwareRequestFilter@6b61b709, org.springframework.security.web.authentication.AnonymousAuthenticationFilter@d09f2a3, org.springframework.security.web.session.SessionManagementFilter@4723501f, org.springframework.security.web.access.ExceptionTranslationFilter@4c5502d2, org.springframework.security.web.access.intercept.AuthorizationFilter@6f43d6be]
2023-11-05T06:23:02.248-05:00  INFO 3876 --- [restartedMain] o.s.b.d.a.OptionalLiveReloadServer       : LiveReload server is running on port 35729
2023-11-05T06:23:02.541-05:00  INFO 3876 --- [restartedMain] o.s.b.w.embedded.tomcat.TomcatWebServer  : Tomcat started on port(s): 8080 (http) with context path ''
2023-11-05T06:23:02.609-05:00  INFO 3876 --- [restartedMain] org.taskifyapp.TaskifyAppApplication     : Started TaskifyAppApplication in 29.149 seconds (process running for 33.086)
2023-11-05T06:23:05.699-05:00  INFO 3876 --- [File Watcher] rtingClassPathChangeChangedEventListener : Restarting due to 1 class path change (0 additions, 0 deletions, 1 modification)
2023-11-05T06:23:05.723-05:00  INFO 3876 --- [Thread-5] o.apache.catalina.core.StandardService   : Stopping service [Tomcat]
2023-11-05T06:23:05.741-05:00  WARN 3876 --- [Thread-5] o.a.c.loader.WebappClassLoaderBase       : The web application [ROOT] appears to have started a thread named [HikariPool-1 housekeeper] but has failed to stop it. This is very likely to create a memory leak. Stack trace of thread:
 java.base@17.0.9/jdk.internal.misc.Unsafe.park(Native Method)
 java.base@17.0.9/java.util.concurrent.locks.LockSupport.parkNanos(LockSupport.java:252)
 java.base@17.0.9/java.util.concurrent.locks.AbstractQueuedSynchronizer$ConditionObject.awaitNanos(AbstractQueuedSynchronizer.java:1672)
 java.base@17.0.9/java.util.concurrent.ScheduledThreadPoolExecutor$DelayedWorkQueue.take(ScheduledThreadPoolExecutor.java:1182)
 java.base@17.0.9/java.util.concurrent.ScheduledThreadPoolExecutor$DelayedWorkQueue.take(ScheduledThreadPoolExecutor.java:899)
 java.base@17.0.9/java.util.concurrent.ThreadPoolExecutor.getTask(ThreadPoolExecutor.java:1062)
 java.base@17.0.9/java.util.concurrent.ThreadPoolExecutor.runWorker(ThreadPoolExecutor.java:1122)
 java.base@17.0.9/java.util.concurrent.ThreadPoolExecutor$Worker.run(ThreadPoolExecutor.java:635)
 java.base@17.0.9/java.lang.Thread.run(Thread.java:840)
2023-11-05T06:23:05.745-05:00  WARN 3876 --- [Thread-5] o.a.c.loader.WebappClassLoaderBase       : The web application [ROOT] appears to have started a thread named [HikariPool-1 connection adder] but has failed to stop it. This is very likely to create a memory leak. Stack trace of thread:
 java.base@17.0.9/sun.nio.ch.Net.poll(Native Method)
 java.base@17.0.9/sun.nio.ch.NioSocketImpl.park(NioSocketImpl.java:186)
 java.base@17.0.9/sun.nio.ch.NioSocketImpl.timedRead(NioSocketImpl.java:290)
 java.base@17.0.9/sun.nio.ch.NioSocketImpl.implRead(NioSocketImpl.java:314)
 java.base@17.0.9/sun.nio.ch.NioSocketImpl.read(NioSocketImpl.java:355)
 java.base@17.0.9/sun.nio.ch.NioSocketImpl$1.read(NioSocketImpl.java:808)
 java.base@17.0.9/java.net.Socket$SocketInputStream.read(Socket.java:966)
 java.base@17.0.9/sun.security.ssl.SSLSocketInputRecord.read(SSLSocketInputRecord.java:484)
 java.base@17.0.9/sun.security.ssl.SSLSocketInputRecord.readHeader(SSLSocketInputRecord.java:478)
 java.base@17.0.9/sun.security.ssl.SSLSocketInputRecord.decode(SSLSocketInputRecord.java:160)
 java.base@17.0.9/sun.security.ssl.SSLTransport.decode(SSLTransport.java:111)
 java.base@17.0.9/sun.security.ssl.SSLSocketImpl.decode(SSLSocketImpl.java:1510)
 java.base@17.0.9/sun.security.ssl.SSLSocketImpl.readHandshakeRecord(SSLSocketImpl.java:1425)
 java.base@17.0.9/sun.security.ssl.SSLSocketImpl.startHandshake(SSLSocketImpl.java:455)
 java.base@17.0.9/sun.security.ssl.SSLSocketImpl.startHandshake(SSLSocketImpl.java:426)
 app//com.mysql.cj.protocol.ExportControlled.performTlsHandshake(ExportControlled.java:347)
 app//com.mysql.cj.protocol.StandardSocketFactory.performTlsHandshake(StandardSocketFactory.java:191)
 app//com.mysql.cj.protocol.a.NativeSocketConnection.performTlsHandshake(NativeSocketConnection.java:101)
 app//com.mysql.cj.protocol.a.NativeProtocol.negotiateSSLConnection(NativeProtocol.java:369)
 app//com.mysql.cj.protocol.a.NativeAuthenticationProvider.connect(NativeAuthenticationProvider.java:205)
 app//com.mysql.cj.protocol.a.NativeProtocol.connect(NativeProtocol.java:1429)
 app//com.mysql.cj.NativeSession.connect(NativeSession.java:133)
 app//com.mysql.cj.jdbc.ConnectionImpl.connectOneTryOnly(ConnectionImpl.java:944)
 app//com.mysql.cj.jdbc.ConnectionImpl.createNewIO(ConnectionImpl.java:814)
 app//com.mysql.cj.jdbc.ConnectionImpl.<init>(ConnectionImpl.java:444)
 app//com.mysql.cj.jdbc.ConnectionImpl.getInstance(ConnectionImpl.java:237)
 app//com.mysql.cj.jdbc.NonRegisteringDriver.connect(NonRegisteringDriver.java:198)
 app//com.zaxxer.hikari.util.DriverDataSource.getConnection(DriverDataSource.java:138)
 app//com.zaxxer.hikari.pool.PoolBase.newConnection(PoolBase.java:359)
 app//com.zaxxer.hikari.pool.PoolBase.newPoolEntry(PoolBase.java:201)
 app//com.zaxxer.hikari.pool.HikariPool.createPoolEntry(HikariPool.java:470)
 app//com.zaxxer.hikari.pool.HikariPool$PoolEntryCreator.call(HikariPool.java:733)
 app//com.zaxxer.hikari.pool.HikariPool$PoolEntryCreator.call(HikariPool.java:712)
 java.base@17.0.9/java.util.concurrent.FutureTask.run(FutureTask.java:264)
 java.base@17.0.9/java.util.concurrent.ThreadPoolExecutor.runWorker(ThreadPoolExecutor.java:1136)
 java.base@17.0.9/java.util.concurrent.ThreadPoolExecutor$Worker.run(ThreadPoolExecutor.java:635)
 java.base@17.0.9/java.lang.Thread.run(Thread.java:840)
2023-11-05T06:23:05.789-05:00  INFO 3876 --- [Thread-5] j.LocalContainerEntityManagerFactoryBean : Closing JPA EntityManagerFactory for persistence unit 'default'
2023-11-05T06:23:05.809-05:00  INFO 3876 --- [Thread-5] com.zaxxer.hikari.HikariDataSource       : HikariPool-1 - Shutdown initiated...
2023-11-05T06:23:07.789-05:00  INFO 3876 --- [Thread-5] com.zaxxer.hikari.HikariDataSource       : HikariPool-1 - Shutdown completed.
2023-11-05T06:23:08.224-05:00  INFO 3876 --- [restartedMain] org.taskifyapp.TaskifyAppApplication     : Starting TaskifyAppApplication using Java 17.0.9 with PID 3876 (/home/talibnabi/Documents/taskify-app/taskify/target/classes started by talibnabi in /home/talibnabi/Documents/taskify-app/taskify)
2023-11-05T06:23:08.226-05:00  INFO 3876 --- [restartedMain] org.taskifyapp.TaskifyAppApplication     : No active profile set, falling back to 1 default profile: "default"
2023-11-05T06:23:09.259-05:00  INFO 3876 --- [restartedMain] .s.d.r.c.RepositoryConfigurationDelegate : Bootstrapping Spring Data JPA repositories in DEFAULT mode.
2023-11-05T06:23:09.372-05:00  INFO 3876 --- [restartedMain] .s.d.r.c.RepositoryConfigurationDelegate : Finished Spring Data repository scanning in 109 ms. Found 3 JPA repository interfaces.
2023-11-05T06:23:10.056-05:00  INFO 3876 --- [restartedMain] o.s.b.w.embedded.tomcat.TomcatWebServer  : Tomcat initialized with port(s): 8080 (http)
2023-11-05T06:23:10.060-05:00  INFO 3876 --- [restartedMain] o.apache.catalina.core.StandardService   : Starting service [Tomcat]
2023-11-05T06:23:10.061-05:00  INFO 3876 --- [restartedMain] o.apache.catalina.core.StandardEngine    : Starting Servlet engine: [Apache Tomcat/10.1.5]
2023-11-05T06:23:10.126-05:00  INFO 3876 --- [restartedMain] o.a.c.c.C.[Tomcat].[localhost].[/]       : Initializing Spring embedded WebApplicationContext
2023-11-05T06:23:10.126-05:00  INFO 3876 --- [restartedMain] w.s.c.ServletWebServerApplicationContext : Root WebApplicationContext: initialization completed in 1892 ms
2023-11-05T06:23:10.349-05:00  INFO 3876 --- [restartedMain] o.hibernate.jpa.internal.util.LogHelper  : HHH000204: Processing PersistenceUnitInfo [name: default]
2023-11-05T06:23:10.375-05:00  INFO 3876 --- [restartedMain] com.zaxxer.hikari.HikariDataSource       : HikariPool-2 - Starting...
2023-11-05T06:23:12.957-05:00  INFO 3876 --- [restartedMain] com.zaxxer.hikari.pool.HikariPool        : HikariPool-2 - Added connection com.mysql.cj.jdbc.ConnectionImpl@db413c5
2023-11-05T06:23:12.958-05:00  INFO 3876 --- [restartedMain] com.zaxxer.hikari.HikariDataSource       : HikariPool-2 - Start completed.
2023-11-05T06:23:13.125-05:00  INFO 3876 --- [restartedMain] SQL dialect                              : HHH000400: Using dialect: org.hibernate.dialect.MySQLDialect
2023-11-05T06:23:16.007-05:00  INFO 3876 --- [restartedMain] o.h.e.t.j.p.i.JtaPlatformInitiator       : HHH000490: Using JtaPlatform implementation: [org.hibernate.engine.transaction.jta.platform.internal.NoJtaPlatform]
2023-11-05T06:23:16.008-05:00  INFO 3876 --- [restartedMain] j.LocalContainerEntityManagerFactoryBean : Initialized JPA EntityManagerFactory for persistence unit 'default'
2023-11-05T06:23:16.575-05:00  WARN 3876 --- [restartedMain] JpaBaseConfiguration$JpaWebConfiguration : spring.jpa.open-in-view is enabled by default. Therefore, database queries may be performed during view rendering. Explicitly configure spring.jpa.open-in-view to disable this warning
2023-11-05T06:23:17.580-05:00  INFO 3876 --- [restartedMain] o.s.s.web.DefaultSecurityFilterChain     : Will secure any request with [org.springframework.security.web.session.DisableEncodeUrlFilter@602164d4, org.springframework.security.web.context.request.async.WebAsyncManagerIntegrationFilter@5bee0434, org.springframework.security.web.context.SecurityContextHolderFilter@39b867a4, org.springframework.security.web.header.HeaderWriterFilter@76d735d8, org.springframework.web.filter.CorsFilter@5c2232dc, org.springframework.security.web.authentication.logout.LogoutFilter@24b3f8fc, org.taskifyapp.security.filter.JwtAuthFilter@71deec1, org.springframework.security.web.savedrequest.RequestCacheAwareFilter@432469f0, org.springframework.security.web.servletapi.SecurityContextHolderAwareRequestFilter@c92fdb9, org.springframework.security.web.authentication.AnonymousAuthenticationFilter@62237acc, org.springframework.security.web.session.SessionManagementFilter@5f81a1bc, org.springframework.security.web.access.ExceptionTranslationFilter@2a1a1f9c, org.springframework.security.web.access.intercept.AuthorizationFilter@5fdc2c78]
2023-11-05T06:23:17.796-05:00  INFO 3876 --- [restartedMain] o.s.b.d.a.OptionalLiveReloadServer       : LiveReload server is running on port 35729
2023-11-05T06:23:17.856-05:00  INFO 3876 --- [restartedMain] o.s.b.w.embedded.tomcat.TomcatWebServer  : Tomcat started on port(s): 8080 (http) with context path ''
2023-11-05T06:23:17.880-05:00  INFO 3876 --- [restartedMain] org.taskifyapp.TaskifyAppApplication     : Started TaskifyAppApplication in 9.8 seconds (process running for 48.356)
2023-11-05T06:23:17.886-05:00  INFO 3876 --- [restartedMain] .ConditionEvaluationDeltaLoggingListener : Condition evaluation unchanged
2023-11-05T06:23:25.952-05:00  INFO 3876 --- [http-nio-8080-exec-1] o.a.c.c.C.[Tomcat].[localhost].[/]       : Initializing Spring DispatcherServlet 'dispatcherServlet'
2023-11-05T06:23:25.953-05:00  INFO 3876 --- [http-nio-8080-exec-1] o.s.web.servlet.DispatcherServlet        : Initializing Servlet 'dispatcherServlet'
2023-11-05T06:23:25.958-05:00  INFO 3876 --- [http-nio-8080-exec-1] o.s.web.servlet.DispatcherServlet        : Completed initialization in 4 ms
2023-11-05T06:23:29.276-05:00  INFO 3876 --- [http-nio-8080-exec-9] o.springdoc.api.AbstractOpenApiResource  : Init duration for springdoc-openapi is: 1396 ms
2023-11-05T06:23:49.792-05:00  INFO 3876 --- [SpringApplicationShutdownHook] j.LocalContainerEntityManagerFactoryBean : Closing JPA EntityManagerFactory for persistence unit 'default'
2023-11-05T06:23:49.794-05:00  INFO 3876 --- [SpringApplicationShutdownHook] com.zaxxer.hikari.HikariDataSource       : HikariPool-2 - Shutdown initiated...
2023-11-05T06:23:51.825-05:00  INFO 3876 --- [SpringApplicationShutdownHook] com.zaxxer.hikari.HikariDataSource       : HikariPool-2 - Shutdown completed.
2023-11-05T07:02:47.196-05:00  INFO 7886 --- [restartedMain] org.taskifyapp.TaskifyAppApplication     : Starting TaskifyAppApplication using Java 17.0.9 with PID 7886 (/home/talibnabi/Documents/taskify-app/taskify/target/classes started by talibnabi in /home/talibnabi/Documents/taskify-app/taskify)
2023-11-05T07:02:47.203-05:00  INFO 7886 --- [restartedMain] org.taskifyapp.TaskifyAppApplication     : No active profile set, falling back to 1 default profile: "default"
2023-11-05T07:02:47.385-05:00  INFO 7886 --- [restartedMain] .e.DevToolsPropertyDefaultsPostProcessor : Devtools property defaults active! Set 'spring.devtools.add-properties' to 'false' to disable
2023-11-05T07:02:47.386-05:00  INFO 7886 --- [restartedMain] .e.DevToolsPropertyDefaultsPostProcessor : For additional web related logging consider setting the 'logging.level.web' property to 'DEBUG'
2023-11-05T07:02:49.796-05:00  INFO 7886 --- [restartedMain] .s.d.r.c.RepositoryConfigurationDelegate : Bootstrapping Spring Data JPA repositories in DEFAULT mode.
2023-11-05T07:02:49.956-05:00  INFO 7886 --- [restartedMain] .s.d.r.c.RepositoryConfigurationDelegate : Finished Spring Data repository scanning in 141 ms. Found 3 JPA repository interfaces.
2023-11-05T07:02:51.444-05:00  INFO 7886 --- [restartedMain] o.s.b.w.embedded.tomcat.TomcatWebServer  : Tomcat initialized with port(s): 8080 (http)
2023-11-05T07:02:51.460-05:00  INFO 7886 --- [restartedMain] o.apache.catalina.core.StandardService   : Starting service [Tomcat]
2023-11-05T07:02:51.461-05:00  INFO 7886 --- [restartedMain] o.apache.catalina.core.StandardEngine    : Starting Servlet engine: [Apache Tomcat/10.1.5]
2023-11-05T07:02:51.582-05:00  INFO 7886 --- [restartedMain] o.a.c.c.C.[Tomcat].[localhost].[/]       : Initializing Spring embedded WebApplicationContext
2023-11-05T07:02:51.584-05:00  INFO 7886 --- [restartedMain] w.s.c.ServletWebServerApplicationContext : Root WebApplicationContext: initialization completed in 4195 ms
2023-11-05T07:02:51.874-05:00  INFO 7886 --- [restartedMain] o.hibernate.jpa.internal.util.LogHelper  : HHH000204: Processing PersistenceUnitInfo [name: default]
2023-11-05T07:02:51.957-05:00  INFO 7886 --- [restartedMain] org.hibernate.Version                    : HHH000412: Hibernate ORM core version 6.1.7.Final
2023-11-05T07:02:52.577-05:00  INFO 7886 --- [restartedMain] com.zaxxer.hikari.HikariDataSource       : HikariPool-1 - Starting...
2023-11-05T07:02:55.875-05:00  INFO 7886 --- [restartedMain] com.zaxxer.hikari.pool.HikariPool        : HikariPool-1 - Added connection com.mysql.cj.jdbc.ConnectionImpl@6e0fce82
2023-11-05T07:02:55.882-05:00  INFO 7886 --- [restartedMain] com.zaxxer.hikari.HikariDataSource       : HikariPool-1 - Start completed.
2023-11-05T07:02:56.421-05:00  INFO 7886 --- [restartedMain] SQL dialect                              : HHH000400: Using dialect: org.hibernate.dialect.MySQLDialect
2023-11-05T07:03:01.607-05:00  INFO 7886 --- [restartedMain] o.h.e.t.j.p.i.JtaPlatformInitiator       : HHH000490: Using JtaPlatform implementation: [org.hibernate.engine.transaction.jta.platform.internal.NoJtaPlatform]
2023-11-05T07:03:01.637-05:00  INFO 7886 --- [restartedMain] j.LocalContainerEntityManagerFactoryBean : Initialized JPA EntityManagerFactory for persistence unit 'default'
2023-11-05T07:03:03.845-05:00  WARN 7886 --- [restartedMain] JpaBaseConfiguration$JpaWebConfiguration : spring.jpa.open-in-view is enabled by default. Therefore, database queries may be performed during view rendering. Explicitly configure spring.jpa.open-in-view to disable this warning
2023-11-05T07:03:05.772-05:00  INFO 7886 --- [restartedMain] o.s.s.web.DefaultSecurityFilterChain     : Will secure any request with [org.springframework.security.web.session.DisableEncodeUrlFilter@304114dc, org.springframework.security.web.context.request.async.WebAsyncManagerIntegrationFilter@431d7663, org.springframework.security.web.context.SecurityContextHolderFilter@603652e0, org.springframework.security.web.header.HeaderWriterFilter@658a3ae8, org.springframework.web.filter.CorsFilter@2547e5b5, org.springframework.security.web.authentication.logout.LogoutFilter@57a0d2f0, org.taskifyapp.security.filter.JwtAuthFilter@2c5cecf, org.springframework.security.web.savedrequest.RequestCacheAwareFilter@6dde8476, org.springframework.security.web.servletapi.SecurityContextHolderAwareRequestFilter@22476841, org.springframework.security.web.authentication.AnonymousAuthenticationFilter@12acbba2, org.springframework.security.web.session.SessionManagementFilter@35b94a59, org.springframework.security.web.access.ExceptionTranslationFilter@795fa41d, org.springframework.security.web.access.intercept.AuthorizationFilter@5674bb6c]
2023-11-05T07:03:06.478-05:00  INFO 7886 --- [restartedMain] o.s.b.d.a.OptionalLiveReloadServer       : LiveReload server is running on port 35729
2023-11-05T07:03:06.639-05:00  INFO 7886 --- [restartedMain] o.s.b.w.embedded.tomcat.TomcatWebServer  : Tomcat started on port(s): 8080 (http) with context path ''
2023-11-05T07:03:06.692-05:00  INFO 7886 --- [restartedMain] org.taskifyapp.TaskifyAppApplication     : Started TaskifyAppApplication in 21.152 seconds (process running for 23.352)
2023-11-05T07:03:22.021-05:00  INFO 7886 --- [File Watcher] rtingClassPathChangeChangedEventListener : Restarting due to 1 class path change (0 additions, 0 deletions, 1 modification)
2023-11-05T07:03:22.048-05:00  INFO 7886 --- [Thread-5] o.apache.catalina.core.StandardService   : Stopping service [Tomcat]
2023-11-05T07:03:22.065-05:00  WARN 7886 --- [Thread-5] o.a.c.loader.WebappClassLoaderBase       : The web application [ROOT] appears to have started a thread named [HikariPool-1 housekeeper] but has failed to stop it. This is very likely to create a memory leak. Stack trace of thread:
 java.base@17.0.9/jdk.internal.misc.Unsafe.park(Native Method)
 java.base@17.0.9/java.util.concurrent.locks.LockSupport.parkNanos(LockSupport.java:252)
 java.base@17.0.9/java.util.concurrent.locks.AbstractQueuedSynchronizer$ConditionObject.awaitNanos(AbstractQueuedSynchronizer.java:1672)
 java.base@17.0.9/java.util.concurrent.ScheduledThreadPoolExecutor$DelayedWorkQueue.take(ScheduledThreadPoolExecutor.java:1182)
 java.base@17.0.9/java.util.concurrent.ScheduledThreadPoolExecutor$DelayedWorkQueue.take(ScheduledThreadPoolExecutor.java:899)
 java.base@17.0.9/java.util.concurrent.ThreadPoolExecutor.getTask(ThreadPoolExecutor.java:1062)
 java.base@17.0.9/java.util.concurrent.ThreadPoolExecutor.runWorker(ThreadPoolExecutor.java:1122)
 java.base@17.0.9/java.util.concurrent.ThreadPoolExecutor$Worker.run(ThreadPoolExecutor.java:635)
 java.base@17.0.9/java.lang.Thread.run(Thread.java:840)
2023-11-05T07:03:22.169-05:00  INFO 7886 --- [Thread-5] j.LocalContainerEntityManagerFactoryBean : Closing JPA EntityManagerFactory for persistence unit 'default'
2023-11-05T07:03:22.180-05:00  INFO 7886 --- [Thread-5] com.zaxxer.hikari.HikariDataSource       : HikariPool-1 - Shutdown initiated...
2023-11-05T07:03:24.134-05:00  INFO 7886 --- [Thread-5] com.zaxxer.hikari.HikariDataSource       : HikariPool-1 - Shutdown completed.
2023-11-05T07:03:24.389-05:00  INFO 7886 --- [restartedMain] org.taskifyapp.TaskifyAppApplication     : Starting TaskifyAppApplication using Java 17.0.9 with PID 7886 (/home/talibnabi/Documents/taskify-app/taskify/target/classes started by talibnabi in /home/talibnabi/Documents/taskify-app/taskify)
2023-11-05T07:03:24.390-05:00  INFO 7886 --- [restartedMain] org.taskifyapp.TaskifyAppApplication     : No active profile set, falling back to 1 default profile: "default"
2023-11-05T07:03:24.954-05:00  INFO 7886 --- [restartedMain] .s.d.r.c.RepositoryConfigurationDelegate : Bootstrapping Spring Data JPA repositories in DEFAULT mode.
2023-11-05T07:03:25.010-05:00  INFO 7886 --- [restartedMain] .s.d.r.c.RepositoryConfigurationDelegate : Finished Spring Data repository scanning in 54 ms. Found 3 JPA repository interfaces.
2023-11-05T07:03:25.694-05:00  INFO 7886 --- [restartedMain] o.s.b.w.embedded.tomcat.TomcatWebServer  : Tomcat initialized with port(s): 8080 (http)
2023-11-05T07:03:25.695-05:00  INFO 7886 --- [restartedMain] o.apache.catalina.core.StandardService   : Starting service [Tomcat]
2023-11-05T07:03:25.696-05:00  INFO 7886 --- [restartedMain] o.apache.catalina.core.StandardEngine    : Starting Servlet engine: [Apache Tomcat/10.1.5]
2023-11-05T07:03:25.722-05:00  INFO 7886 --- [restartedMain] o.a.c.c.C.[Tomcat].[localhost].[/]       : Initializing Spring embedded WebApplicationContext
2023-11-05T07:03:25.722-05:00  INFO 7886 --- [restartedMain] w.s.c.ServletWebServerApplicationContext : Root WebApplicationContext: initialization completed in 1328 ms
2023-11-05T07:03:25.825-05:00  INFO 7886 --- [restartedMain] o.hibernate.jpa.internal.util.LogHelper  : HHH000204: Processing PersistenceUnitInfo [name: default]
2023-11-05T07:03:25.841-05:00  INFO 7886 --- [restartedMain] com.zaxxer.hikari.HikariDataSource       : HikariPool-2 - Starting...
2023-11-05T07:03:28.538-05:00  INFO 7886 --- [restartedMain] com.zaxxer.hikari.pool.HikariPool        : HikariPool-2 - Added connection com.mysql.cj.jdbc.ConnectionImpl@aa2af87
2023-11-05T07:03:28.539-05:00  INFO 7886 --- [restartedMain] com.zaxxer.hikari.HikariDataSource       : HikariPool-2 - Start completed.
2023-11-05T07:03:28.707-05:00  INFO 7886 --- [restartedMain] SQL dialect                              : HHH000400: Using dialect: org.hibernate.dialect.MySQLDialect
2023-11-05T07:03:31.713-05:00  INFO 7886 --- [restartedMain] o.h.e.t.j.p.i.JtaPlatformInitiator       : HHH000490: Using JtaPlatform implementation: [org.hibernate.engine.transaction.jta.platform.internal.NoJtaPlatform]
2023-11-05T07:03:31.714-05:00  INFO 7886 --- [restartedMain] j.LocalContainerEntityManagerFactoryBean : Initialized JPA EntityManagerFactory for persistence unit 'default'
2023-11-05T07:03:32.289-05:00  WARN 7886 --- [restartedMain] JpaBaseConfiguration$JpaWebConfiguration : spring.jpa.open-in-view is enabled by default. Therefore, database queries may be performed during view rendering. Explicitly configure spring.jpa.open-in-view to disable this warning
2023-11-05T07:03:33.380-05:00  INFO 7886 --- [restartedMain] o.s.s.web.DefaultSecurityFilterChain     : Will secure any request with [org.springframework.security.web.session.DisableEncodeUrlFilter@3b8638ed, org.springframework.security.web.context.request.async.WebAsyncManagerIntegrationFilter@242e41d4, org.springframework.security.web.context.SecurityContextHolderFilter@687632c1, org.springframework.security.web.header.HeaderWriterFilter@4c57bedd, org.springframework.web.filter.CorsFilter@11288ad8, org.springframework.security.web.authentication.logout.LogoutFilter@457b5990, org.taskifyapp.security.filter.JwtAuthFilter@4ccb92bf, org.springframework.security.web.savedrequest.RequestCacheAwareFilter@2a5b88c2, org.springframework.security.web.servletapi.SecurityContextHolderAwareRequestFilter@5b8b6a02, org.springframework.security.web.authentication.AnonymousAuthenticationFilter@7990c309, org.springframework.security.web.session.SessionManagementFilter@6bb5976f, org.springframework.security.web.access.ExceptionTranslationFilter@d69e0c5, org.springframework.security.web.access.intercept.AuthorizationFilter@334b737f]
2023-11-05T07:03:33.649-05:00  INFO 7886 --- [restartedMain] o.s.b.d.a.OptionalLiveReloadServer       : LiveReload server is running on port 35729
2023-11-05T07:03:33.693-05:00  INFO 7886 --- [restartedMain] o.s.b.w.embedded.tomcat.TomcatWebServer  : Tomcat started on port(s): 8080 (http) with context path ''
2023-11-05T07:03:33.713-05:00  INFO 7886 --- [restartedMain] org.taskifyapp.TaskifyAppApplication     : Started TaskifyAppApplication in 9.428 seconds (process running for 50.373)
2023-11-05T07:03:33.719-05:00  INFO 7886 --- [restartedMain] .ConditionEvaluationDeltaLoggingListener : Condition evaluation unchanged
2023-11-05T07:04:12.848-05:00  INFO 7886 --- [http-nio-8080-exec-1] o.a.c.c.C.[Tomcat].[localhost].[/]       : Initializing Spring DispatcherServlet 'dispatcherServlet'
2023-11-05T07:04:12.850-05:00  INFO 7886 --- [http-nio-8080-exec-1] o.s.web.servlet.DispatcherServlet        : Initializing Servlet 'dispatcherServlet'
2023-11-05T07:04:12.855-05:00  INFO 7886 --- [http-nio-8080-exec-1] o.s.web.servlet.DispatcherServlet        : Completed initialization in 4 ms
2023-11-05T07:04:15.613-05:00  INFO 7886 --- [http-nio-8080-exec-8] o.springdoc.api.AbstractOpenApiResource  : Init duration for springdoc-openapi is: 1393 ms
2023-11-05T07:04:26.067-05:00  INFO 7886 --- [SpringApplicationShutdownHook] j.LocalContainerEntityManagerFactoryBean : Closing JPA EntityManagerFactory for persistence unit 'default'
2023-11-05T07:04:26.070-05:00  INFO 7886 --- [SpringApplicationShutdownHook] com.zaxxer.hikari.HikariDataSource       : HikariPool-2 - Shutdown initiated...
2023-11-05T07:04:28.196-05:00  INFO 7886 --- [SpringApplicationShutdownHook] com.zaxxer.hikari.HikariDataSource       : HikariPool-2 - Shutdown completed.
